{
  "RSpec": {
    "coverage": {
      "/home/keith/Development/localorbit/lib/interactor_ext.rb": [
        1,
        1,
        1,
        1,
        5,
        0,
        null,
        null,
        1,
        5,
        null,
        null,
        null
      ],
      "/home/keith/Development/localorbit/lib/financials.rb": [
        null,
        1,
        null
      ],
      "/home/keith/Development/localorbit/lib/financials/payment_executor.rb": [
        1,
        null,
        1,
        1,
        1,
        1,
        null,
        1,
        1,
        0,
        0,
        0,
        null,
        0,
        null,
        null,
        null,
        0,
        0,
        0,
        0,
        null,
        null,
        0,
        0,
        0,
        0,
        null,
        null,
        null,
        null,
        null,
        null,
        0,
        null,
        0,
        null,
        null,
        0,
        null,
        null,
        0,
        0,
        0,
        0,
        null,
        null,
        null,
        1,
        0,
        0,
        0,
        0,
        0,
        null,
        null,
        0,
        null,
        null,
        null,
        null,
        null,
        null,
        null,
        null
      ],
      "/home/keith/Development/localorbit/lib/schema_validation.rb": [
        1,
        1,
        1,
        null,
        1,
        1,
        1,
        null,
        0,
        null,
        null,
        null,
        1,
        0,
        0,
        0,
        0,
        null,
        0,
        null,
        null,
        null
      ],
      "/home/keith/Development/localorbit/lib/rschema_ext/either.rb": [
        1,
        1,
        1,
        0,
        0,
        0,
        0,
        0,
        null,
        0,
        null,
        null,
        0,
        0,
        null,
        null,
        null,
        1,
        1,
        null,
        null
      ],
      "/home/keith/Development/localorbit/lib/rschema_ext/regexp.rb": [
        1,
        1,
        0,
        0,
        0,
        null,
        0,
        null,
        null,
        null
      ],
      "/home/keith/Development/localorbit/lib/payment_provider.rb": [
        1,
        1,
        null,
        null,
        null,
        null,
        1,
        1,
        2,
        0,
        null,
        2,
        null,
        null,
        null,
        1,
        16,
        16,
        16,
        0,
        null,
        null,
        1,
        3,
        3,
        null,
        null,
        1,
        16,
        null,
        null,
        1,
        0,
        null,
        null,
        1,
        0,
        null,
        null,
        1,
        0,
        null,
        null,
        1,
        0,
        null,
        null,
        1,
        0,
        null,
        null,
        null,
        null,
        null,
        null,
        1,
        0,
        null,
        null,
        null,
        null,
        null,
        null,
        1,
        0,
        null,
        null,
        null,
        null,
        null,
        1,
        0,
        null,
        null,
        null,
        null,
        null,
        null,
        null,
        null,
        1,
        0,
        null,
        null,
        null,
        null,
        null,
        1,
        0,
        null,
        null,
        null,
        1,
        null,
        0,
        null,
        null,
        null,
        null,
        null,
        null,
        null,
        null,
        null,
        null,
        1,
        null,
        0,
        null,
        null,
        null,
        null,
        null,
        null,
        null,
        null,
        null,
        null,
        null,
        null,
        1,
        0,
        null,
        null,
        null,
        null,
        1,
        0,
        null,
        null,
        null,
        null,
        null,
        null,
        1,
        0,
        null,
        null,
        null,
        null,
        null,
        null,
        1,
        0,
        null,
        null,
        null,
        null,
        null,
        1,
        0,
        null,
        null,
        1,
        0,
        null,
        null,
        null
      ],
      "/home/keith/Development/localorbit/lib/payment_provider/stripe.rb": [
        1,
        1,
        1,
        null,
        1,
        null,
        null,
        null,
        null,
        null,
        1,
        null,
        null,
        null,
        null,
        null,
        1,
        1,
        null,
        null,
        null,
        null,
        null,
        null,
        null,
        1,
        null,
        1,
        1,
        null,
        null,
        null,
        null,
        null,
        null,
        1,
        1,
        null,
        null,
        null,
        null,
        null,
        null,
        1,
        4,
        null,
        1,
        16,
        null,
        null,
        1,
        0,
        null,
        null,
        1,
        0,
        null,
        null,
        null,
        null,
        null,
        null,
        1,
        0,
        0,
        null,
        null,
        0,
        null,
        null,
        0,
        null,
        null,
        null,
        0,
        null,
        0,
        null,
        0,
        null,
        0,
        null,
        null,
        null,
        1,
        0,
        0,
        null,
        0,
        null,
        null,
        null,
        1,
        0,
        0,
        0,
        0,
        0,
        null,
        0,
        null,
        null,
        null,
        null,
        null,
        null,
        null,
        0,
        null,
        null,
        null,
        null,
        null,
        null,
        null,
        null,
        null,
        null,
        0,
        null,
        null,
        null,
        null,
        null,
        null,
        null,
        null,
        null,
        null,
        0,
        0,
        0,
        0,
        null,
        null,
        0,
        null,
        null,
        0,
        0,
        0,
        0,
        0,
        null,
        0,
        null,
        0,
        null,
        null,
        null,
        null,
        null,
        null,
        null,
        null,
        null,
        null,
        null,
        null,
        null,
        0,
        0,
        0,
        0,
        null,
        null,
        1,
        0,
        0,
        null,
        null,
        null,
        null,
        null,
        1,
        0,
        0,
        0,
        null,
        0,
        0,
        0,
        0,
        0,
        null,
        0,
        null,
        0,
        null,
        null,
        null,
        null,
        1,
        null,
        0,
        null,
        0,
        null,
        null,
        null,
        null,
        null,
        null,
        null,
        null,
        null,
        null,
        null,
        null,
        null,
        null,
        1,
        null,
        0,
        0,
        null,
        0,
        null,
        null,
        null,
        null,
        null,
        null,
        null,
        null,
        null,
        null,
        null,
        null,
        null,
        0,
        0,
        null,
        null,
        1,
        0,
        null,
        null,
        1,
        0,
        0,
        null,
        null,
        null,
        null,
        null,
        null,
        null,
        null,
        null,
        null,
        1,
        0,
        null,
        0,
        null,
        null,
        null,
        null,
        0,
        null,
        null,
        null,
        1,
        0,
        0,
        null,
        null,
        null,
        0,
        null,
        null,
        null,
        1,
        0,
        null,
        null,
        null,
        null,
        null,
        null,
        null,
        1,
        1,
        null,
        null,
        1,
        0,
        null,
        null,
        1,
        0,
        0,
        0,
        null,
        null,
        1,
        null,
        0,
        0,
        0,
        0,
        null,
        null,
        0,
        null,
        null,
        1,
        0,
        null,
        null,
        null,
        null,
        null,
        null,
        null,
        null,
        null,
        null,
        null,
        null,
        null,
        1,
        0,
        null,
        null,
        1,
        0,
        0,
        0,
        0,
        0,
        null,
        null,
        null,
        null,
        null,
        null,
        null,
        null,
        1,
        0,
        0,
        null,
        0,
        null,
        null,
        null,
        1,
        0,
        null,
        null,
        1,
        0,
        null,
        null,
        1,
        0,
        null,
        null,
        1,
        0,
        null,
        null,
        1,
        0,
        0,
        null,
        null,
        1,
        0,
        0,
        null,
        null,
        1,
        0,
        0,
        null,
        null,
        1,
        null,
        1,
        0,
        null,
        null,
        null,
        0,
        null,
        null,
        null,
        1,
        0,
        null,
        0,
        null,
        null,
        null,
        0,
        0,
        null,
        null,
        null,
        null,
        1,
        0,
        null,
        0,
        0,
        0,
        null,
        0,
        null,
        null,
        null,
        null,
        null,
        null,
        null,
        null
      ],
      "/home/keith/Development/localorbit/lib/payment_provider/fee_estimator.rb": [
        1,
        1,
        1,
        1,
        1,
        null,
        1,
        null,
        null,
        null,
        1,
        null,
        2,
        null,
        null,
        1,
        1,
        0,
        null,
        0,
        null,
        0,
        null,
        0,
        null,
        null,
        null,
        null,
        null
      ],
      "/home/keith/Development/localorbit/lib/payment_provider/balanced.rb": [
        1,
        1,
        1,
        4,
        null,
        1,
        0,
        null,
        null,
        1,
        0,
        null,
        null,
        null,
        1,
        0,
        null,
        null,
        null,
        1,
        0,
        null,
        0,
        0,
        null,
        0,
        null,
        null,
        null,
        0,
        null,
        0,
        null,
        0,
        null,
        0,
        null,
        null,
        null,
        null,
        1,
        0,
        0,
        null,
        null,
        null,
        null,
        null,
        null,
        null,
        null,
        1,
        0,
        0,
        null,
        null,
        1,
        null,
        null,
        null,
        1,
        null,
        0,
        null,
        null,
        null,
        null,
        null,
        null,
        null,
        null,
        null,
        null,
        null,
        null,
        null,
        1,
        0,
        null,
        null,
        null,
        null,
        null,
        null,
        null,
        null,
        null,
        null,
        null,
        null,
        null,
        null,
        1,
        0,
        null,
        null,
        1,
        0,
        0,
        null,
        null,
        1,
        null,
        0,
        null,
        null,
        null,
        null,
        0,
        0,
        null,
        0,
        null,
        null,
        null,
        1,
        0,
        null,
        null,
        1,
        0,
        null,
        null,
        1,
        0,
        null,
        null,
        null,
        null,
        null
      ],
      "/home/keith/Development/localorbit/lib/payment_provider/handlers/async_handler.rb": [
        1,
        1,
        1,
        1,
        null,
        null,
        null,
        1,
        0,
        0,
        0,
        0,
        0,
        null,
        null,
        null,
        null,
        null
      ],
      "/home/keith/Development/localorbit/lib/payment_provider/handlers/transfer_paid.rb": [
        1,
        1,
        1,
        null,
        1,
        null,
        null,
        null,
        null,
        0,
        null,
        null,
        1,
        0,
        0,
        null,
        null,
        0,
        null,
        null,
        null,
        null,
        null,
        null,
        0,
        null,
        null,
        null,
        null,
        0,
        null,
        null,
        null,
        null,
        0,
        0,
        null,
        null,
        null,
        null
      ],
      "/home/keith/Development/localorbit/app/controllers/application_controller.rb": [
        1,
        1,
        null,
        1,
        1,
        1,
        1,
        1,
        1,
        null,
        1,
        1,
        null,
        1,
        1,
        1,
        1,
        1,
        1,
        null,
        null,
        null,
        1,
        null,
        1,
        null,
        1,
        0,
        null,
        null,
        1,
        null,
        1,
        18,
        14,
        14,
        3,
        null,
        11,
        null,
        null,
        null,
        1,
        0,
        null,
        null,
        1,
        1,
        null,
        null,
        1,
        28,
        8,
        8,
        null,
        null,
        20,
        20,
        null,
        null,
        1,
        20,
        20,
        null,
        16,
        16,
        4,
        null,
        0,
        null,
        null,
        16,
        null,
        null,
        1,
        444,
        null,
        null,
        null,
        null,
        1,
        12,
        3,
        0,
        null,
        null,
        3,
        0,
        null,
        null,
        null,
        1,
        12,
        12,
        3,
        0,
        null,
        null,
        null,
        1,
        12,
        12,
        null,
        3,
        0,
        null,
        null,
        null,
        1,
        29,
        29,
        null,
        null,
        1,
        1,
        null,
        0,
        0,
        null,
        0,
        null,
        null,
        null,
        1,
        14,
        null,
        null,
        1,
        0,
        null,
        0,
        0,
        null,
        0,
        null,
        null,
        null,
        1,
        0,
        0,
        0,
        0,
        0,
        0,
        null,
        0,
        null,
        0,
        0,
        0,
        0,
        0,
        null,
        null,
        null,
        1,
        null,
        0,
        0,
        null,
        null,
        1,
        20,
        null,
        null,
        1,
        0,
        null,
        null,
        1,
        10,
        0,
        0,
        0,
        null,
        0,
        null,
        null,
        1,
        0,
        0,
        0,
        null,
        0,
        null,
        null,
        null,
        1,
        1,
        1,
        null,
        null,
        1,
        1,
        null,
        null,
        1,
        1,
        0,
        null,
        null,
        1,
        0,
        null,
        0,
        0,
        null,
        0,
        0,
        null,
        0,
        0,
        null,
        null,
        null,
        0,
        null,
        null,
        1,
        8,
        8,
        null,
        null,
        1,
        0,
        null,
        null,
        1,
        20,
        20,
        null,
        null,
        null,
        1
      ],
      "/home/keith/Development/localorbit/lib/event_tracker.rb": [
        null,
        1,
        1,
        1,
        1,
        null,
        null,
        null,
        null,
        1,
        null,
        1,
        1,
        1,
        1,
        1,
        1,
        null,
        null,
        null,
        null,
        1,
        0,
        0,
        null,
        0,
        0,
        0,
        null,
        null,
        0,
        0,
        0,
        null,
        null,
        null,
        null,
        null,
        null,
        1,
        0,
        0,
        null,
        0,
        null,
        0,
        null,
        null,
        null
      ],
      "/home/keith/Development/localorbit/app/controllers/audited_sweeper.rb": [
        1,
        null,
        1,
        1,
        0,
        null,
        0,
        0,
        0,
        0,
        0,
        null,
        null,
        null,
        1,
        null
      ],
      "/home/keith/Development/localorbit/app/models/subscription_type.rb": [
        1,
        1,
        1,
        1,
        null,
        null,
        1,
        1,
        null
      ],
      "/home/keith/Development/localorbit/lib/constraints/non_market_domain.rb": [
        1,
        1,
        15,
        15,
        null,
        null,
        1,
        15,
        null,
        null
      ],
      "/home/keith/Development/localorbit/app/models/user.rb": [
        1,
        1,
        1,
        1,
        1,
        null,
        null,
        null,
        1,
        null,
        null,
        null,
        1,
        null,
        1,
        null,
        null,
        1,
        8,
        8,
        null,
        null,
        null,
        null,
        1,
        1,
        0,
        null,
        null,
        null,
        1,
        null,
        1,
        null,
        19,
        null,
        null,
        1,
        10,
        null,
        null,
        1,
        null,
        1,
        null,
        1,
        1,
        null,
        1,
        null,
        1,
        12,
        null,
        1,
        null,
        null,
        null,
        1,
        1,
        null,
        1,
        1,
        null,
        1,
        0,
        null,
        0,
        null,
        0,
        null,
        null,
        null,
        0,
        null,
        null,
        null,
        null,
        null,
        null,
        null,
        null,
        null,
        null,
        null,
        null,
        null,
        null,
        1,
        0,
        null,
        0,
        null,
        0,
        null,
        0,
        null,
        null,
        null,
        0,
        null,
        null,
        1,
        0,
        null,
        null,
        1,
        0,
        0,
        null,
        0,
        null,
        null,
        null,
        1,
        0,
        null,
        null,
        1,
        0,
        null,
        null,
        1,
        0,
        null,
        null,
        1,
        0,
        null,
        0,
        null,
        0,
        null,
        0,
        0,
        0,
        0,
        null,
        0,
        null,
        0,
        null,
        null,
        1,
        0,
        null,
        0,
        null,
        0,
        null,
        0,
        0,
        0,
        0,
        null,
        null,
        0,
        null,
        null,
        1,
        0,
        null,
        0,
        null,
        0,
        null,
        null,
        1,
        null,
        0,
        null,
        0,
        0,
        null,
        0,
        0,
        null,
        null,
        1,
        0,
        0,
        null,
        null,
        1,
        0,
        null,
        null,
        1,
        0,
        null,
        0,
        0,
        null,
        0,
        null,
        null,
        1,
        0,
        null,
        null,
        1,
        0,
        null,
        null,
        1,
        229,
        null,
        null,
        1,
        0,
        null,
        null,
        1,
        0,
        null,
        null,
        1,
        12,
        null,
        null,
        1,
        0,
        null,
        null,
        1,
        0,
        null,
        null,
        1,
        null,
        3,
        null,
        3,
        null,
        null,
        1,
        30,
        null,
        null,
        1,
        13,
        null,
        null,
        1,
        0,
        null,
        null,
        1,
        36,
        null,
        null,
        1,
        0,
        null,
        null,
        1,
        1,
        1,
        2,
        1,
        null,
        null,
        1,
        45,
        45,
        null,
        45,
        null,
        45,
        null,
        45,
        null,
        null,
        null,
        null,
        null,
        null,
        null,
        1,
        0,
        0,
        null,
        0,
        null,
        0,
        null,
        0,
        null,
        null,
        null,
        null,
        null,
        null,
        null,
        null,
        1,
        0,
        0,
        null,
        0,
        null,
        null,
        null,
        null,
        null,
        0,
        null,
        null,
        null,
        1,
        0,
        null,
        null,
        1,
        0,
        0,
        0,
        0,
        0,
        null,
        0,
        null,
        null,
        0,
        null,
        0,
        null,
        null,
        null,
        1,
        16,
        12,
        null,
        4,
        null,
        null,
        null,
        1,
        1,
        1,
        null,
        null,
        null,
        null,
        null,
        1,
        0,
        null,
        null,
        1,
        null,
        0,
        null,
        5,
        6,
        null,
        null,
        1,
        0,
        null,
        null,
        1,
        0,
        0,
        null,
        null,
        1,
        0,
        0,
        0,
        0,
        null,
        0,
        null,
        null,
        1,
        0,
        0,
        null,
        0,
        null,
        null,
        1,
        0,
        null,
        0,
        0,
        0,
        null,
        0,
        0,
        null,
        0,
        null,
        0,
        null,
        null,
        1,
        0,
        null,
        null,
        1,
        0,
        0,
        0,
        0,
        null,
        0,
        null,
        null,
        0,
        null,
        null,
        null,
        1,
        0,
        null,
        null,
        1,
        0,
        null,
        null,
        1,
        0,
        0,
        0,
        0,
        null,
        null,
        1,
        null,
        1,
        5,
        null,
        5,
        5,
        null,
        null,
        1,
        null,
        19,
        12,
        null,
        0,
        null,
        27,
        null,
        null
      ],
      "/home/keith/Development/localorbit/app/models/concerns/sortable.rb": [
        null,
        null,
        1,
        1,
        null,
        1,
        1,
        0,
        null,
        null,
        1,
        0,
        0,
        0,
        null,
        null,
        1,
        0,
        0,
        0,
        null,
        null,
        null
      ],
      "/home/keith/Development/localorbit/lib/util/trim_text.rb": [
        1,
        1,
        null,
        1,
        2,
        null,
        null,
        1,
        null,
        null,
        1,
        2,
        28,
        28,
        null,
        null,
        null,
        null,
        null,
        null,
        null
      ],
      "/home/keith/Development/localorbit/lib/devise/strategies/token_auth.rb": [
        1,
        1,
        1,
        1,
        32,
        null,
        null,
        1,
        null,
        0,
        0,
        0,
        null,
        0,
        null,
        null,
        null,
        null,
        null
      ],
      "/home/keith/Development/localorbit/app/interactors/process_packing_labels_printable.rb": [
        1,
        1,
        null,
        1,
        1,
        1,
        1,
        1,
        1,
        3,
        null,
        null,
        1,
        0,
        0,
        0,
        0,
        null,
        0,
        0,
        0,
        null,
        null,
        null
      ],
      "/home/keith/Development/localorbit/app/models/lot.rb": [
        1,
        1,
        null,
        1,
        null,
        1,
        10,
        1,
        1,
        1,
        null,
        1,
        8,
        null,
        null,
        null,
        null,
        1,
        null,
        0,
        null,
        null,
        null,
        null,
        null,
        null,
        null,
        null,
        null,
        null,
        null,
        null,
        null,
        null,
        null,
        null,
        null,
        null,
        1,
        0,
        null,
        null,
        1,
        0,
        null,
        null,
        1,
        0,
        null,
        null,
        1,
        null,
        1,
        9,
        null,
        0,
        0,
        null,
        0,
        null,
        null,
        null,
        1,
        9,
        0,
        null,
        null,
        null
      ],
      "/home/keith/Development/localorbit/app/models/user_organization.rb": [
        1,
        1,
        1,
        1,
        null
      ],
      "/home/keith/Development/localorbit/app/models/payment.rb": [
        1,
        1,
        null,
        1,
        null,
        null,
        null,
        null,
        null,
        null,
        null,
        null,
        null,
        null,
        1,
        null,
        null,
        null,
        null,
        null,
        null,
        null,
        1,
        1,
        1,
        1,
        1,
        null,
        null,
        null,
        1,
        0,
        null,
        null,
        1,
        0,
        null,
        null,
        null,
        1,
        1,
        null,
        1,
        1,
        null,
        1,
        1,
        null,
        1,
        1,
        1,
        1,
        1,
        1,
        1,
        null,
        1,
        0,
        null,
        null,
        1,
        0,
        null,
        null,
        1,
        0,
        null,
        null,
        1,
        0,
        null,
        null,
        1,
        null,
        0,
        null,
        null,
        1,
        0,
        null,
        null,
        1,
        null,
        1,
        1,
        0,
        null,
        null,
        null
      ],
      "/home/keith/Development/localorbit/app/models/unit.rb": [
        1,
        1,
        1,
        null
      ],
      "/home/keith/Development/localorbit/app/models/sequence.rb": [
        1,
        1,
        0,
        0,
        null,
        0,
        null,
        null,
        1,
        0,
        0,
        0,
        null,
        null,
        null,
        1,
        0,
        0,
        null,
        null
      ],
      "/home/keith/Development/localorbit/app/models/managed_market.rb": [
        1,
        1,
        1,
        1,
        null
      ],
      "/home/keith/Development/localorbit/app/models/product_delivery.rb": [
        1,
        1,
        1,
        1,
        null
      ],
      "/home/keith/Development/localorbit/app/models/general_product.rb": [
        1,
        1,
        1,
        1,
        null,
        1,
        1,
        1,
        1,
        1,
        null,
        1,
        null,
        1,
        1,
        1,
        1,
        1,
        null,
        1,
        null,
        null,
        null,
        null,
        null,
        null,
        null,
        null,
        null,
        1,
        0,
        0,
        null,
        null,
        0,
        null,
        null,
        null,
        1,
        0,
        0,
        null,
        null,
        null,
        0,
        null,
        null,
        null,
        1,
        0,
        0,
        null,
        0,
        null,
        null,
        null,
        1,
        0,
        null,
        null
      ],
      "/home/keith/Development/localorbit/lib/dragonfly_background_resize.rb": [
        1,
        null,
        null,
        null,
        null,
        null,
        null,
        null,
        null,
        null,
        null,
        1,
        5,
        null,
        null,
        null,
        null,
        null,
        null,
        null,
        null,
        null,
        null,
        null,
        null,
        null,
        null,
        null,
        null,
        null,
        null,
        null,
        null,
        5,
        1,
        null,
        null,
        null,
        null,
        null,
        null,
        null,
        null,
        null,
        null,
        null,
        null,
        null,
        null,
        null,
        null,
        null,
        null,
        null,
        null,
        null,
        null,
        null
      ],
      "/home/keith/Development/localorbit/app/models/concerns/soft_delete.rb": [
        1,
        1,
        null,
        1,
        25,
        null,
        null,
        1,
        0,
        null,
        null,
        1,
        0,
        null,
        null,
        1,
        1,
        0,
        0,
        0,
        null,
        null,
        1,
        0,
        null,
        null,
        1,
        12,
        null,
        null,
        null
      ],
      "/home/keith/Development/localorbit/app/models/category.rb": [
        1,
        1,
        1,
        1,
        null,
        1,
        null,
        1,
        null,
        null,
        null,
        null,
        null,
        null,
        null,
        null,
        1,
        0,
        0,
        0,
        0,
        null,
        0,
        0,
        null,
        null,
        0,
        null,
        null,
        1,
        18,
        null,
        null
      ],
      "/home/keith/Development/localorbit/app/models/delivery.rb": [
        1,
        1,
        1,
        1,
        null,
        1,
        1,
        1,
        1,
        1,
        1,
        null,
        1,
        0,
        0,
        null,
        null,
        1,
        null,
        0,
        null,
        null,
        1,
        null,
        0,
        null,
        null,
        1,
        0,
        0,
        null,
        null,
        1,
        0,
        null,
        null,
        1,
        0,
        null,
        null,
        1,
        0,
        null,
        null
      ],
      "/home/keith/Development/localorbit/app/models/order_item_lot.rb": [
        1,
        1,
        1,
        1,
        null,
        1,
        null,
        1,
        0,
        null,
        null,
        1,
        null,
        1,
        0,
        null,
        null
      ],
      "/home/keith/Development/localorbit/app/models/audit.rb": [
        1,
        null,
        1,
        1,
        null,
        1,
        1,
        null,
        1,
        null,
        1,
        null,
        1,
        0,
        null,
        null,
        1,
        0,
        null,
        null,
        null,
        null,
        1
      ],
      "/home/keith/Development/localorbit/app/models/newsletter.rb": [
        1,
        1,
        1,
        null,
        1,
        null,
        1,
        1,
        null,
        1,
        0,
        0,
        null,
        0,
        0,
        0,
        null,
        null,
        0,
        0,
        null,
        null,
        0,
        0,
        null,
        null,
        0,
        null,
        null
      ],
      "/home/keith/Development/localorbit/app/models/fresh_sheet.rb": [
        1,
        1,
        1,
        null
      ],
      "/home/keith/Development/localorbit/app/models/order_template.rb": [
        1,
        1,
        1,
        null,
        1,
        1,
        null,
        1,
        0,
        0,
        0,
        null,
        0,
        null,
        null
      ],
      "/home/keith/Development/localorbit/app/models/market_address.rb": [
        1,
        1,
        1,
        null,
        1,
        null,
        1,
        null,
        1,
        null,
        1,
        1,
        1,
        1,
        null,
        1,
        0,
        null,
        null,
        1,
        12,
        0,
        null,
        null,
        null,
        null,
        1,
        0,
        0,
        0,
        0,
        null,
        null,
        null,
        null,
        1,
        0,
        0,
        0,
        0,
        null,
        null,
        null,
        null,
        1,
        0,
        0,
        0,
        0,
        null,
        null,
        null,
        null,
        1,
        12,
        0,
        null,
        null,
        null,
        1,
        12,
        0,
        null,
        null,
        null,
        1,
        12,
        0,
        null,
        null,
        null,
        null
      ],
      "/home/keith/Development/localorbit/app/models/bank_account.rb": [
        1,
        1,
        1,
        null,
        1,
        null,
        1,
        null,
        1,
        null,
        1,
        1,
        1,
        1,
        1,
        1,
        null,
        null,
        1,
        0,
        0,
        null,
        0,
        null,
        null,
        1,
        0,
        null,
        null,
        1,
        0,
        null,
        null,
        1,
        0,
        0,
        null,
        0,
        null,
        null,
        null,
        1,
        0,
        0,
        0,
        null,
        null,
        null,
        null,
        null,
        1,
        0,
        null,
        null,
        1,
        0,
        0,
        0,
        null,
        null,
        1,
        0,
        0,
        null,
        0,
        null,
        null,
        1,
        null,
        1,
        1,
        1,
        null,
        1,
        null,
        null
      ],
      "/home/keith/Development/localorbit/app/models/order_printable.rb": [
        1,
        1,
        1,
        null,
        1,
        null,
        1,
        0,
        0,
        null,
        0,
        null,
        null,
        null
      ],
      "/home/keith/Development/localorbit/app/models/order.rb": [
        1,
        1,
        1,
        1,
        null,
        1,
        null,
        1,
        null,
        1,
        1,
        1,
        1,
        1,
        null,
        1,
        1,
        null,
        1,
        null,
        null,
        null,
        1,
        null,
        1,
        1,
        1,
        1,
        1,
        null,
        1,
        1,
        0,
        0,
        null,
        null,
        null,
        null,
        1,
        1,
        1,
        1,
        1,
        1,
        null,
        1,
        1,
        1,
        1,
        1,
        1,
        1,
        1,
        1,
        1,
        1,
        1,
        1,
        1,
        1,
        1,
        1,
        1,
        null,
        1,
        1,
        1,
        1,
        1,
        1,
        1,
        1,
        1,
        1,
        1,
        1,
        1,
        1,
        1,
        1,
        2,
        1,
        1,
        null,
        1,
        1,
        1,
        1,
        null,
        1,
        null,
        1,
        1,
        null,
        1,
        null,
        1,
        null,
        null,
        0,
        null,
        null,
        1,
        null,
        null,
        0,
        null,
        null,
        1,
        0,
        null,
        null,
        1,
        null,
        null,
        0,
        0,
        null,
        null,
        1,
        0,
        null,
        0,
        null,
        0,
        null,
        0,
        null,
        0,
        null,
        null,
        null,
        1,
        0,
        null,
        null,
        1,
        null,
        null,
        null,
        null,
        null,
        null,
        null,
        null,
        0,
        null,
        null,
        1,
        null,
        null,
        0,
        null,
        null,
        1,
        null,
        0,
        null,
        null,
        1,
        null,
        0,
        null,
        null,
        1,
        0,
        null,
        null,
        null,
        null,
        null,
        null,
        null,
        0,
        0,
        null,
        null,
        0,
        null,
        null,
        1,
        null,
        null,
        null,
        0,
        null,
        null,
        1,
        0,
        null,
        null,
        null,
        null,
        null,
        null,
        null,
        null,
        null,
        null,
        null,
        null,
        1,
        0,
        null,
        null,
        null,
        null,
        null,
        null,
        null,
        null,
        0,
        0,
        null,
        null,
        0,
        0,
        null,
        null,
        0,
        null,
        null,
        1,
        0,
        null,
        null,
        0,
        null,
        0,
        null,
        0,
        null,
        null,
        0,
        null,
        null,
        0,
        null,
        0,
        null,
        null,
        null,
        null,
        null,
        null,
        null,
        null,
        null,
        null,
        null,
        null,
        null,
        1,
        3,
        3,
        null,
        0,
        null,
        null,
        null,
        1,
        2,
        0,
        null,
        2,
        null,
        null,
        null,
        1,
        0,
        0,
        0,
        null,
        null,
        1,
        0,
        null,
        null,
        1,
        2,
        null,
        null,
        1,
        2,
        null,
        null,
        null,
        null,
        null,
        null,
        null,
        null,
        null,
        null,
        null,
        null,
        1,
        0,
        0,
        null,
        null,
        null,
        1,
        0,
        null,
        null,
        1,
        0,
        null,
        null,
        1,
        0,
        null,
        null,
        1,
        0,
        null,
        null,
        1,
        0,
        0,
        null,
        null,
        1,
        0,
        null,
        null,
        1,
        0,
        null,
        null,
        1,
        0,
        null,
        null,
        1,
        0,
        0,
        null,
        0,
        0,
        0,
        null,
        0,
        null,
        null,
        null,
        0,
        null,
        null,
        1,
        0,
        null,
        0,
        0,
        0,
        0,
        null,
        0,
        null,
        null,
        null,
        0,
        null,
        null,
        1,
        0,
        null,
        null,
        null,
        null,
        1,
        0,
        null,
        null,
        1,
        0,
        null,
        null,
        1,
        0,
        0,
        null,
        null,
        1,
        0,
        null,
        null,
        1,
        0,
        null,
        null,
        1,
        0,
        null,
        null,
        1,
        0,
        0,
        0,
        0,
        0,
        null,
        null,
        1,
        0,
        null,
        null,
        1,
        null,
        0,
        null,
        null,
        1,
        0,
        0,
        null,
        0,
        null,
        null,
        null,
        1,
        0,
        null,
        null,
        1,
        0,
        0,
        0,
        null,
        0,
        0,
        null,
        null,
        1,
        null,
        1,
        3,
        null,
        null,
        1,
        3,
        3,
        null,
        null,
        1,
        0,
        0,
        null,
        null,
        1,
        0,
        0,
        null,
        0,
        null,
        null,
        null,
        1,
        0,
        0,
        0,
        null,
        0,
        null,
        null,
        0,
        null,
        null,
        null
      ],
      "/home/keith/Development/localorbit/app/models/concerns/delivery_status.rb": [
        1,
        1,
        null,
        1,
        0,
        0,
        null,
        null,
        1,
        0,
        null,
        null,
        1,
        0,
        null,
        null,
        1,
        3,
        null,
        null,
        1,
        null,
        1,
        0,
        null,
        null,
        1,
        0,
        0,
        0,
        null,
        0,
        null,
        null,
        null,
        1,
        3,
        null,
        3,
        null,
        null,
        null,
        null,
        null,
        null,
        null,
        null,
        null,
        null,
        null,
        null,
        null,
        null,
        null,
        null,
        null,
        null
      ],
      "/home/keith/Development/localorbit/app/models/order_item.rb": [
        1,
        1,
        null,
        1,
        1,
        1,
        1,
        1,
        1,
        null,
        1,
        null,
        1,
        1,
        null,
        1,
        1,
        1,
        null,
        1,
        1,
        1,
        1,
        1,
        1,
        1,
        1,
        null,
        1,
        null,
        1,
        1,
        null,
        1,
        null,
        1,
        0,
        null,
        null,
        1,
        0,
        null,
        null,
        null,
        null,
        null,
        null,
        null,
        null,
        null,
        null,
        null,
        null,
        1,
        0,
        0,
        null,
        null,
        1,
        0,
        null,
        null,
        1,
        0,
        0,
        null,
        0,
        null,
        null,
        null,
        1,
        0,
        null,
        null,
        1,
        0,
        null,
        null,
        1,
        3,
        3,
        null,
        0,
        null,
        null,
        null,
        1,
        0,
        null,
        null,
        1,
        0,
        null,
        null,
        1,
        4,
        null,
        4,
        null,
        4,
        0,
        null,
        null,
        null,
        1,
        0,
        null,
        null,
        1,
        0,
        null,
        null,
        1,
        0,
        null,
        null,
        1,
        null,
        1,
        4,
        null,
        null,
        1,
        8,
        0,
        null,
        null,
        null,
        1,
        4,
        0,
        0,
        0,
        null,
        null,
        null,
        null,
        1,
        8,
        4,
        4,
        0,
        0,
        null,
        null,
        null,
        null,
        1,
        8,
        0,
        0,
        null,
        null,
        null,
        1,
        8,
        null,
        null,
        1,
        8,
        0,
        0,
        0,
        0,
        0,
        null,
        null,
        null,
        null,
        1,
        4,
        4,
        null,
        4,
        4,
        null,
        4,
        4,
        null,
        null,
        null,
        1,
        0,
        0,
        null,
        0,
        0,
        null,
        0,
        null,
        null,
        null,
        1,
        8,
        0,
        null,
        0,
        0,
        null,
        0,
        null,
        null,
        null,
        null,
        1,
        0,
        null,
        null,
        1,
        0,
        0,
        0,
        0,
        null,
        0,
        null,
        0,
        null,
        null,
        null,
        0,
        null,
        0,
        null,
        null,
        null,
        1,
        0,
        0,
        0,
        0,
        null,
        null,
        0,
        null,
        null,
        null,
        null
      ],
      "/home/keith/Development/localorbit/app/models/organization.rb": [
        1,
        1,
        1,
        1,
        1,
        null,
        1,
        1,
        null,
        1,
        14,
        null,
        null,
        null,
        72,
        null,
        null,
        1,
        null,
        null,
        null,
        1,
        null,
        1,
        1,
        1,
        1,
        null,
        1,
        null,
        1,
        null,
        1,
        1,
        null,
        4,
        14,
        1,
        1,
        1,
        1,
        1,
        null,
        30,
        null,
        1,
        null,
        1,
        null,
        1,
        1,
        1,
        null,
        1,
        1,
        1,
        1,
        null,
        1,
        null,
        1,
        0,
        null,
        null,
        1,
        0,
        0,
        null,
        null,
        1,
        0,
        null,
        null,
        1,
        0,
        0,
        0,
        null,
        0,
        null,
        null,
        null,
        1,
        null,
        null,
        null,
        27,
        null,
        null,
        1,
        null,
        null,
        0,
        null,
        null,
        1,
        0,
        null,
        null,
        1,
        0,
        null,
        null,
        1,
        1,
        null,
        null,
        1,
        0,
        null,
        null,
        1,
        0,
        null,
        0,
        0,
        0,
        null,
        null,
        0,
        0,
        null,
        null,
        null,
        0,
        0,
        null,
        null,
        1,
        0,
        null,
        null,
        1,
        0,
        null,
        null,
        1,
        0,
        null,
        null,
        1,
        0,
        null,
        null,
        1,
        0,
        0,
        null,
        null,
        null,
        null,
        null,
        1,
        0,
        null,
        null,
        1,
        0,
        0,
        null,
        null,
        null,
        1,
        null,
        1,
        null,
        null,
        0,
        null,
        null,
        null,
        null,
        1,
        9,
        0,
        null,
        null,
        null
      ],
      "/home/keith/Development/localorbit/app/models/twitter_user.rb": [
        1,
        1,
        17,
        null,
        null,
        1,
        35,
        null,
        null,
        1,
        17,
        null,
        null
      ],
      "/home/keith/Development/localorbit/app/models/metric.rb": [
        1,
        null
      ],
      "/home/keith/Development/localorbit/app/models/order_number.rb": [
        1,
        1,
        0,
        null,
        null,
        1,
        0,
        null,
        null,
        1,
        0,
        0,
        0,
        0,
        0,
        0,
        null,
        null,
        1,
        null,
        1,
        0,
        null,
        null,
        1,
        0,
        null,
        null,
        1,
        0,
        null,
        null,
        1,
        0,
        null,
        null
      ],
      "/home/keith/Development/localorbit/app/models/order_payment.rb": [
        1,
        1,
        1,
        1,
        null,
        1,
        null,
        null,
        null,
        null,
        null,
        0,
        null,
        null
      ],
      "/home/keith/Development/localorbit/app/models/market_cross_sells.rb": [
        1,
        1,
        1,
        1,
        null
      ],
      "/home/keith/Development/localorbit/app/models/packing_labels_printable.rb": [
        1,
        1,
        1,
        null,
        1,
        null,
        1,
        0,
        0,
        null,
        0,
        null,
        null,
        null
      ],
      "/home/keith/Development/localorbit/app/models/promotion.rb": [
        1,
        1,
        1,
        null,
        1,
        1,
        null,
        1,
        1,
        1,
        1,
        null,
        1,
        null,
        1,
        1,
        1,
        null,
        1,
        null,
        1,
        0,
        0,
        null,
        null,
        1,
        0,
        0,
        null,
        0,
        0,
        null,
        null,
        null,
        1,
        null,
        1,
        null,
        0,
        0,
        null,
        null,
        null
      ],
      "/home/keith/Development/localorbit/app/models/batch_invoice_error.rb": [
        1,
        1,
        1,
        null
      ],
      "/home/keith/Development/localorbit/app/models/market.rb": [
        1,
        1,
        null,
        1,
        1,
        null,
        1,
        1,
        1,
        1,
        1,
        null,
        1,
        null,
        1,
        null,
        1,
        1,
        1,
        1,
        1,
        1,
        1,
        null,
        1,
        null,
        1,
        1,
        null,
        1,
        1,
        null,
        1,
        16,
        null,
        null,
        1,
        1,
        1,
        1,
        1,
        1,
        1,
        1,
        null,
        1,
        null,
        1,
        null,
        1,
        1,
        1,
        1,
        1,
        1,
        null,
        1,
        1,
        null,
        1,
        null,
        1,
        1,
        4,
        4,
        null,
        0,
        null,
        null,
        null,
        1,
        0,
        null,
        null,
        1,
        5,
        null,
        null,
        1,
        0,
        0,
        0,
        null,
        0,
        null,
        null,
        null,
        1,
        0,
        null,
        null,
        null,
        1,
        0,
        0,
        0,
        null,
        0,
        null,
        0,
        null,
        0,
        null,
        null,
        null,
        null,
        null,
        null,
        null,
        null,
        null,
        null,
        1,
        0,
        null,
        null,
        1,
        0,
        null,
        null,
        null,
        null,
        null,
        0,
        0,
        null,
        0,
        null,
        null,
        0,
        null,
        null,
        1,
        0,
        null,
        null,
        1,
        0,
        null,
        null,
        1,
        0,
        null,
        0,
        null,
        null,
        1,
        0,
        null,
        null,
        1,
        1,
        null,
        null,
        1,
        0,
        0,
        0,
        0,
        null,
        0,
        null,
        null,
        null,
        1,
        0,
        null,
        null,
        1,
        0,
        null,
        null,
        1,
        0,
        null,
        null,
        1,
        0,
        null,
        null,
        1,
        0,
        0,
        null,
        null,
        1,
        0,
        0,
        0,
        null,
        null,
        1,
        0,
        0,
        null,
        0,
        0,
        null,
        null,
        null,
        null,
        null,
        1,
        0,
        null,
        null,
        1,
        0,
        null,
        null,
        1,
        0,
        0,
        null,
        null,
        0,
        0,
        0,
        null,
        null,
        1,
        0,
        null,
        null,
        1,
        0,
        null,
        null,
        1,
        0,
        null,
        null,
        1,
        0,
        null,
        null,
        1,
        0,
        null,
        null,
        1,
        null,
        1,
        17,
        0,
        null,
        null,
        null,
        1,
        0,
        null,
        null,
        1,
        0,
        0,
        null,
        null,
        1,
        0,
        null,
        null,
        null,
        0,
        null,
        null,
        null,
        null,
        0,
        null,
        0,
        null,
        null
      ],
      "/home/keith/Development/localorbit/app/models/external_product.rb": [
        1,
        null,
        1,
        null,
        1,
        1,
        null,
        1,
        0,
        0,
        null,
        null,
        null
      ],
      "/home/keith/Development/localorbit/app/models/batch_invoice.rb": [
        1,
        1,
        1,
        1,
        1,
        1,
        null,
        null,
        1,
        1,
        1,
        null,
        1,
        null,
        1,
        null,
        1,
        0,
        0,
        null,
        0,
        null,
        null,
        null
      ],
      "/home/keith/Development/localorbit/app/models/delivery_schedule.rb": [
        1,
        1,
        1,
        null,
        1,
        1,
        null,
        1,
        null,
        1,
        null,
        1,
        1,
        null,
        1,
        1,
        1,
        null,
        null,
        1,
        1,
        1,
        1,
        1,
        1,
        1,
        1,
        1,
        null,
        1,
        1,
        1,
        null,
        1,
        null,
        null,
        null,
        1,
        0,
        null,
        null,
        null,
        null,
        null,
        null,
        null,
        null,
        null,
        1,
        0,
        null,
        null,
        1,
        0,
        0,
        null,
        null,
        0,
        null,
        null,
        0,
        null,
        0,
        null,
        0,
        null,
        null,
        1,
        0,
        null,
        null,
        1,
        0,
        null,
        null,
        1,
        26,
        null,
        null,
        1,
        0,
        null,
        null,
        1,
        26,
        null,
        null,
        1,
        0,
        null,
        null,
        1,
        0,
        0,
        null,
        0,
        null,
        null,
        null,
        1,
        0,
        null,
        null,
        1,
        0,
        null,
        null,
        1,
        0,
        null,
        null,
        1,
        4,
        null,
        null,
        1,
        1,
        null,
        null,
        1,
        2,
        null,
        null,
        1,
        1,
        1,
        1,
        null,
        null,
        null,
        null,
        null,
        1,
        null,
        null,
        1,
        0,
        null,
        null,
        null,
        null,
        null,
        null,
        1,
        1,
        null,
        null,
        1,
        1,
        null,
        null,
        1,
        0,
        null,
        null,
        1,
        0,
        0,
        null,
        null,
        1,
        0,
        null,
        0,
        null,
        0,
        null,
        0,
        null,
        null,
        null,
        1,
        null,
        1,
        0,
        null,
        null,
        1,
        5,
        null,
        null,
        1,
        5,
        null,
        null,
        1,
        5,
        0,
        null,
        null,
        null,
        1,
        5,
        2,
        3,
        0,
        null,
        null,
        null,
        null,
        1,
        1,
        1,
        1,
        1,
        1,
        1,
        1,
        null,
        null,
        null,
        1,
        1,
        0,
        null,
        1,
        null,
        1,
        1,
        1,
        1,
        1,
        1,
        1,
        null,
        null,
        null,
        null
      ],
      "/home/keith/Development/localorbit/app/models/credit.rb": [
        1,
        1,
        null,
        1,
        1,
        1,
        1,
        null,
        1,
        null,
        1,
        1,
        1,
        1,
        1,
        1,
        null,
        1,
        1,
        1,
        null,
        1,
        1,
        1,
        1,
        1,
        null,
        1,
        0,
        0,
        null,
        0,
        null,
        null,
        0,
        0,
        0,
        0,
        null,
        null,
        null,
        1,
        0,
        null,
        null,
        1,
        0,
        null,
        null,
        1,
        null,
        1,
        0,
        0,
        null,
        null,
        null,
        1,
        0,
        0,
        0,
        0,
        0,
        null,
        null,
        null,
        null,
        1,
        0,
        0,
        null,
        null,
        null,
        1,
        0,
        null,
        null,
        1,
        0,
        null,
        null,
        1,
        0,
        null,
        null
      ],
      "/home/keith/Development/localorbit/app/models/price.rb": [
        1,
        1,
        null,
        1,
        1,
        1,
        1,
        null,
        1,
        null,
        null,
        0,
        null,
        null,
        1,
        null,
        null,
        null,
        null,
        0,
        null,
        null,
        1,
        null,
        null,
        0,
        null,
        null,
        1,
        1,
        null,
        1,
        0,
        null,
        null,
        1,
        0,
        0,
        null,
        0,
        null,
        null,
        null,
        1,
        0,
        null,
        null
      ],
      "/home/keith/Development/localorbit/app/models/discount.rb": [
        1,
        1,
        1,
        1,
        null,
        1,
        null,
        1,
        1,
        1,
        null,
        1,
        1,
        null,
        1,
        1,
        1,
        1,
        1,
        1,
        1,
        1,
        1,
        1,
        null,
        1,
        0,
        0,
        0,
        0,
        null,
        0,
        null,
        null,
        null,
        null,
        0,
        null,
        null,
        null,
        1,
        0,
        0,
        null,
        null,
        1,
        null,
        0,
        null,
        null,
        null,
        null,
        null,
        null,
        1,
        0,
        null,
        null,
        1,
        0,
        null,
        null,
        1,
        0,
        null,
        null,
        1,
        0,
        null,
        null,
        1,
        0,
        null,
        null,
        1,
        0,
        null,
        null,
        1,
        0,
        null,
        null,
        1,
        0,
        null,
        null,
        1,
        0,
        null,
        null,
        1,
        null,
        1,
        0,
        null,
        null,
        1,
        0,
        0,
        0,
        null,
        0,
        null,
        null,
        null,
        null
      ],
      "/home/keith/Development/localorbit/app/models/market_organization.rb": [
        1,
        1,
        null,
        1,
        1,
        0,
        null,
        null,
        1,
        127,
        null,
        null,
        1,
        87,
        null,
        null,
        1,
        0,
        null,
        null,
        1,
        16,
        null,
        null,
        null,
        1,
        null,
        1,
        1,
        1,
        null,
        1,
        1,
        1,
        null
      ],
      "/home/keith/Development/localorbit/app/models/delivery_note.rb": [
        1,
        1,
        1,
        null,
        1,
        null,
        1,
        1,
        1,
        null,
        1,
        0,
        null,
        null,
        null,
        null
      ],
      "/home/keith/Development/localorbit/app/models/order_template_item.rb": [
        1,
        1,
        1,
        null,
        1,
        null
      ],
      "/home/keith/Development/localorbit/app/models/cart_item.rb": [
        1,
        1,
        null,
        1,
        1,
        1,
        null,
        1,
        1,
        1,
        null,
        1,
        1,
        null,
        1,
        0,
        null,
        null,
        1,
        0,
        0,
        null,
        null,
        1,
        0,
        null,
        null,
        1,
        0,
        0,
        null,
        null,
        1,
        0,
        null,
        null,
        1,
        0,
        0,
        null,
        0,
        null,
        null,
        null,
        1,
        null,
        1,
        0,
        0,
        0,
        0,
        null,
        null,
        null,
        null,
        1,
        0,
        0,
        null,
        null,
        null
      ],
      "/home/keith/Development/localorbit/app/models/product.rb": [
        1,
        1,
        1,
        1,
        1,
        null,
        1,
        null,
        1,
        1,
        1,
        1,
        null,
        1,
        1,
        1,
        1,
        1,
        1,
        1,
        1,
        20,
        null,
        null,
        1,
        null,
        7,
        5,
        null,
        1,
        1,
        1,
        1,
        1,
        1,
        1,
        1,
        null,
        1,
        1,
        null,
        1,
        null,
        1,
        1,
        null,
        1,
        1,
        1,
        1,
        1,
        1,
        null,
        1,
        null,
        1,
        null,
        1,
        null,
        1,
        1,
        1,
        1,
        1,
        null,
        1,
        null,
        null,
        1,
        34,
        null,
        1,
        30,
        null,
        1,
        30,
        null,
        1,
        24,
        null,
        1,
        24,
        null,
        1,
        0,
        null,
        1,
        18,
        null,
        1,
        6,
        null,
        1,
        54,
        null,
        1,
        24,
        null,
        1,
        0,
        0,
        null,
        0,
        null,
        null,
        1,
        18,
        null,
        1,
        6,
        null,
        null,
        null,
        1,
        6,
        6,
        6,
        6,
        null,
        1,
        0,
        0,
        0,
        null,
        1,
        6,
        6,
        6,
        null,
        0,
        null,
        6,
        null,
        1,
        0,
        0,
        0,
        null,
        1,
        6,
        6,
        6,
        null,
        0,
        null,
        6,
        null,
        1,
        0,
        0,
        0,
        null,
        1,
        0,
        0,
        0,
        null,
        1,
        0,
        0,
        0,
        null,
        1,
        0,
        0,
        0,
        null,
        0,
        null,
        0,
        null,
        1,
        0,
        0,
        0,
        null,
        1,
        0,
        0,
        0,
        null,
        1,
        18,
        18,
        18,
        null,
        0,
        null,
        18,
        null,
        1,
        6,
        6,
        6,
        null,
        1,
        0,
        0,
        0,
        null,
        1,
        0,
        0,
        0,
        null,
        1,
        0,
        0,
        0,
        null,
        1,
        0,
        0,
        0,
        null,
        1,
        12,
        12,
        12,
        null,
        0,
        null,
        12,
        null,
        1,
        0,
        0,
        0,
        null,
        0,
        0,
        null,
        null,
        1,
        6,
        6,
        null,
        null,
        1,
        null,
        null,
        null,
        null,
        null,
        null,
        null,
        null,
        null,
        1,
        0,
        null,
        0,
        null,
        null,
        null,
        1,
        null,
        null,
        null,
        null,
        0,
        null,
        null,
        1,
        0,
        0,
        null,
        null,
        0,
        0,
        null,
        0,
        null,
        0,
        null,
        0,
        null,
        null,
        1,
        0,
        null,
        null,
        1,
        0,
        null,
        null,
        1,
        null,
        null,
        null,
        0,
        null,
        null,
        1,
        0,
        null,
        null,
        1,
        0,
        null,
        null,
        1,
        0,
        0,
        null,
        0,
        null,
        0,
        null,
        0,
        null,
        0,
        null,
        0,
        null,
        null,
        null,
        1,
        0,
        null,
        null,
        1,
        0,
        0,
        null,
        null,
        null,
        0,
        null,
        0,
        null,
        null,
        1,
        0,
        null,
        null,
        1,
        0,
        null,
        null,
        1,
        0,
        null,
        0,
        0,
        0,
        null,
        null,
        1,
        0,
        0,
        null,
        0,
        null,
        null,
        null,
        1,
        0,
        null,
        null,
        1,
        0,
        null,
        null,
        1,
        0,
        null,
        null,
        1,
        0,
        null,
        null,
        1,
        0,
        null,
        null,
        1,
        0,
        null,
        null,
        1,
        0,
        null,
        null,
        1,
        0,
        0,
        null,
        0,
        null,
        null,
        null,
        1,
        0,
        null,
        0,
        0,
        null,
        null,
        0,
        0,
        null,
        null,
        null,
        0,
        null,
        null,
        null,
        1,
        0,
        0,
        0,
        0,
        0,
        0,
        null,
        null,
        null,
        1,
        null,
        1,
        66,
        6,
        6,
        6,
        null,
        null,
        null,
        1,
        12,
        12,
        null,
        null,
        1,
        0,
        null,
        null,
        1,
        0,
        null,
        null,
        1,
        0,
        null,
        null,
        1,
        0,
        null,
        null,
        1,
        0,
        null,
        null,
        1,
        null,
        null,
        0,
        null,
        null,
        1,
        0,
        0,
        0,
        null,
        null,
        0,
        null,
        null,
        1,
        24,
        0,
        null,
        null,
        null,
        1,
        12,
        12,
        12,
        null,
        null,
        null,
        1,
        24,
        null,
        null,
        1,
        12,
        null,
        12,
        12,
        10,
        null,
        null,
        0,
        0,
        null,
        null,
        null,
        null
      ],
      "/home/keith/Development/localorbit/app/models/plan.rb": [
        1,
        1,
        1,
        null,
        1,
        0,
        null,
        null
      ],
      "/home/keith/Development/localorbit/app/models/registration.rb": [
        1,
        1,
        null,
        1,
        null,
        null,
        null,
        null,
        null,
        null,
        null,
        null,
        null,
        null,
        null,
        null,
        null,
        null,
        null,
        null,
        null,
        null,
        1,
        null,
        null,
        1,
        null,
        1,
        0,
        0,
        0,
        0,
        0,
        null,
        null,
        null,
        0,
        0,
        0,
        0,
        0,
        null,
        0,
        null,
        null,
        null,
        1,
        null,
        null,
        0,
        null,
        null,
        null,
        0,
        null,
        null,
        1,
        null,
        null,
        null,
        null,
        null,
        null,
        0,
        null,
        null,
        1,
        null,
        null,
        null,
        null,
        null,
        null,
        null,
        null,
        0,
        null,
        null,
        null,
        1,
        1,
        null,
        null,
        1,
        0,
        null,
        null,
        1,
        null
      ],
      "/home/keith/Development/localorbit/app/models/batch_invoice_order.rb": [
        1,
        1,
        1,
        null
      ],
      "/home/keith/Development/localorbit/app/models/location.rb": [
        1,
        1,
        1,
        1,
        null,
        1,
        1,
        1,
        null,
        1,
        1,
        1,
        null,
        1,
        null,
        1,
        0,
        null,
        null,
        1,
        0,
        null,
        null,
        1,
        0,
        null,
        null,
        1,
        0,
        0,
        null,
        null,
        null,
        1,
        null,
        1,
        0,
        0,
        0,
        null,
        null,
        null,
        1,
        0,
        0,
        null,
        0,
        0,
        0,
        0,
        null,
        null
      ],
      "/home/keith/Development/localorbit/app/models/bank_account_verification.rb": [
        1,
        1,
        null,
        1,
        null,
        1,
        null,
        1,
        0,
        null,
        null,
        1,
        0,
        null,
        null,
        1,
        0,
        null,
        null,
        1,
        0,
        null,
        null,
        1,
        0,
        null,
        0,
        null,
        null,
        null,
        0,
        0,
        null,
        0,
        null,
        0,
        0,
        null,
        null,
        null,
        1,
        0,
        null,
        null
      ],
      "/home/keith/Development/localorbit/app/models/cart.rb": [
        1,
        1,
        1,
        1,
        1,
        1,
        1,
        1,
        null,
        1,
        1,
        1,
        1,
        null,
        1,
        1,
        0,
        0,
        null,
        null,
        null,
        null,
        1,
        0,
        0,
        null,
        0,
        null,
        null,
        null,
        1,
        0,
        null,
        null,
        1,
        0,
        null,
        null,
        1,
        0,
        0,
        null,
        0,
        null,
        null,
        0,
        null,
        null,
        1,
        0,
        null,
        null,
        1,
        0,
        null,
        null,
        1,
        0,
        null,
        null
      ],
      "/home/keith/Development/localorbit/app/models/subscription.rb": [
        1,
        1,
        null,
        1,
        1,
        null,
        1,
        0,
        null,
        null,
        1,
        0,
        0,
        null,
        0,
        null,
        null,
        null,
        1,
        16,
        16,
        0,
        null,
        null,
        null,
        null,
        null,
        1,
        null,
        null,
        8,
        16,
        null,
        null,
        null,
        null
      ],
      "/home/keith/Development/localorbit/lib/import_legacy_taxonomy.rb": [
        1,
        null,
        null,
        null,
        1,
        1,
        1,
        null,
        null,
        1,
        1,
        1,
        1,
        1,
        1,
        null,
        null,
        1,
        1,
        1,
        4,
        1,
        null,
        1,
        0,
        0,
        0,
        null,
        null,
        null,
        1,
        1,
        74,
        null,
        72,
        null,
        null,
        null,
        1,
        1,
        72,
        69,
        null,
        3,
        null,
        null,
        null,
        4,
        null,
        null,
        1,
        73,
        72,
        72,
        72,
        141,
        null,
        null,
        null,
        1,
        1,
        1,
        null,
        null
      ],
      "/home/keith/Development/localorbit/app/controllers/dashboards_controller.rb": [
        1,
        1,
        null,
        1,
        null,
        1,
        3,
        3,
        3,
        3,
        null,
        3,
        3,
        null,
        3,
        null,
        null,
        null,
        1,
        null,
        null,
        1,
        3,
        3,
        null,
        3,
        null,
        null,
        null
      ],
      "/home/keith/Development/localorbit/app/controllers/concerns/sticky_filters.rb": [
        1,
        1,
        4,
        4,
        4,
        null,
        null,
        4,
        0,
        0,
        null,
        null,
        null,
        4,
        null,
        null,
        4,
        4,
        null,
        4,
        null,
        null,
        1,
        null,
        1,
        4,
        null,
        4,
        0,
        0,
        null,
        0,
        null,
        0,
        null,
        null,
        null,
        null,
        1,
        4,
        null,
        null
      ],
      "/home/keith/Development/localorbit/app/presenters/buyer_order_presenter.rb": [
        1,
        1,
        1,
        null,
        1,
        1,
        3,
        3,
        3,
        3,
        null,
        3,
        3,
        null,
        null,
        1,
        3,
        3,
        0,
        0,
        0,
        0,
        null,
        0,
        null,
        null,
        null,
        1,
        null,
        0,
        null,
        null,
        1,
        0,
        null,
        null
      ],
      "/home/keith/Development/localorbit/lib/search.rb": [
        1,
        null
      ],
      "/home/keith/Development/localorbit/lib/search/date_format.rb": [
        1,
        1,
        1,
        null,
        1,
        8,
        null,
        null,
        null
      ],
      "/home/keith/Development/localorbit/lib/search/market_and_organization.rb": [
        1,
        1,
        1,
        0,
        null,
        null,
        1,
        0,
        null,
        null,
        1,
        0,
        null,
        null,
        1,
        0,
        0,
        null,
        0,
        null,
        0,
        0,
        null,
        0,
        null,
        null,
        1,
        0,
        0,
        0,
        0,
        null,
        0,
        null,
        null,
        null,
        null
      ],
      "/home/keith/Development/localorbit/lib/search/query_defaults.rb": [
        1,
        1,
        1,
        1,
        4,
        4,
        null,
        4,
        0,
        0,
        null,
        4,
        4,
        null,
        4,
        null,
        null,
        null,
        null,
        null,
        null,
        4,
        null,
        null,
        null
      ],
      "/home/keith/Development/localorbit/lib/feature_access.rb": [
        null,
        1,
        1,
        1,
        3,
        null,
        null,
        1,
        8,
        null,
        null,
        1,
        0,
        null,
        null,
        1,
        0,
        0,
        0,
        0,
        null,
        null,
        1,
        0,
        null,
        0,
        null,
        null,
        1,
        0,
        null,
        null,
        1,
        0,
        0,
        null,
        null,
        1,
        0,
        null,
        null,
        1,
        0,
        0,
        null,
        null,
        1,
        0,
        null,
        null,
        1,
        0,
        null,
        null,
        1,
        2,
        null,
        null,
        1,
        0,
        null,
        null,
        1,
        1,
        0,
        0,
        0,
        0,
        0,
        null,
        null,
        null
      ],
      "/home/keith/Development/localorbit/lib/terms_of_service.rb": [
        1,
        1,
        10,
        null,
        null,
        1,
        0,
        null,
        null
      ],
      "/home/keith/Development/localorbit/app/controllers/admin/markets_controller.rb": [
        1,
        1,
        null,
        1,
        1,
        1,
        1,
        null,
        1,
        1,
        0,
        null,
        1,
        1,
        null,
        1,
        1,
        null,
        1,
        null,
        1,
        2,
        1,
        null,
        null,
        null,
        null,
        1,
        null,
        null,
        1,
        1,
        null,
        null,
        1,
        1,
        0,
        null,
        1,
        null,
        1,
        1,
        null,
        0,
        0,
        0,
        null,
        null,
        null,
        1,
        0,
        0,
        null,
        0,
        0,
        null,
        null,
        null,
        1,
        0,
        0,
        null,
        null,
        1,
        null,
        0,
        null,
        null,
        0,
        null,
        0,
        0,
        null,
        null,
        0,
        0,
        0,
        null,
        null,
        null,
        0,
        null,
        null,
        0,
        null,
        null,
        null,
        0,
        null,
        null,
        null,
        1,
        0,
        0,
        null,
        null,
        1,
        null,
        1,
        1,
        null,
        null,
        null,
        null,
        null,
        null,
        null,
        null,
        null,
        null,
        null,
        null,
        null,
        null,
        null,
        null,
        null,
        null,
        null,
        null,
        null,
        null,
        1,
        1,
        null,
        null,
        null,
        null,
        null,
        null,
        null,
        null,
        null,
        1,
        1,
        null,
        null,
        null,
        null,
        1,
        null,
        null,
        1,
        4,
        null,
        null,
        1,
        3,
        null,
        null,
        1,
        1,
        null,
        1,
        null,
        null
      ],
      "/home/keith/Development/localorbit/app/controllers/admin_controller.rb": [
        1,
        1,
        null,
        1,
        2,
        null,
        null,
        1,
        4,
        0,
        0,
        null,
        null,
        1,
        0,
        null,
        null,
        1,
        0,
        0,
        null,
        null
      ],
      "/home/keith/Development/localorbit/app/presenters/market_search_presenter.rb": [
        1,
        1,
        1,
        null,
        1,
        1,
        1,
        1,
        null,
        1,
        1,
        null,
        null
      ],
      "/home/keith/Development/localorbit/app/interactors/register_stripe_standalone_market.rb": [
        1,
        1,
        null,
        1,
        null
      ],
      "/home/keith/Development/localorbit/app/interactors/create_market.rb": [
        1,
        1,
        null,
        1,
        1,
        null,
        null,
        null,
        1,
        1,
        null,
        1,
        0,
        null,
        null,
        null,
        1,
        0,
        0,
        null,
        null,
        null,
        null,
        null,
        null,
        null,
        null,
        null,
        null,
        null,
        null,
        null,
        null,
        null,
        null,
        null,
        null,
        null,
        null,
        null,
        null,
        null,
        null,
        null,
        null,
        null,
        null,
        null,
        null,
        null,
        null,
        null,
        null,
        null,
        null,
        null,
        null,
        null,
        null,
        null,
        null,
        null,
        null,
        null,
        null,
        null,
        null,
        null,
        null,
        null,
        null,
        null,
        null,
        null,
        null,
        null,
        null,
        null,
        null,
        null,
        null,
        null,
        null,
        null,
        null
      ],
      "/home/keith/Development/localorbit/app/interactors/create_stripe_customer_for_entity.rb": [
        1,
        1,
        null,
        1,
        1,
        null,
        null,
        1,
        1,
        1,
        1,
        1,
        1,
        null,
        0,
        null,
        null,
        null,
        0,
        null,
        null,
        1,
        null,
        null,
        null,
        null,
        null,
        null,
        1,
        null,
        null
      ],
      "/home/keith/Development/localorbit/app/decorators/market_decorator.rb": [
        1,
        1,
        1,
        1,
        null,
        1,
        null,
        1,
        0,
        null,
        null,
        1,
        0,
        null,
        null,
        1,
        0,
        0,
        0,
        null,
        0,
        null,
        null,
        null,
        1,
        0,
        0,
        0,
        null,
        0,
        null,
        null,
        null,
        1,
        0,
        0,
        0,
        null,
        null,
        null,
        1,
        0,
        0,
        null,
        null,
        0,
        null,
        null,
        1,
        0,
        null,
        null,
        1,
        0,
        null,
        null,
        1,
        0,
        null,
        null,
        1,
        0,
        null,
        null,
        1,
        0,
        null,
        null,
        1,
        0,
        null,
        null,
        1,
        0,
        null,
        null,
        1,
        0,
        0,
        null,
        0,
        null,
        0,
        0,
        0,
        null,
        0,
        null,
        null,
        null,
        1,
        0,
        0,
        null,
        0,
        null,
        0,
        0,
        0,
        null,
        0,
        null,
        null,
        null,
        null,
        null,
        null,
        1,
        null,
        0,
        0,
        null,
        0,
        null,
        0,
        0,
        0,
        null,
        0,
        null,
        null,
        null,
        1,
        0,
        null,
        null,
        0,
        0,
        null,
        0,
        null,
        null,
        null,
        1,
        0,
        0,
        0,
        0,
        null,
        0,
        null,
        null,
        null,
        1,
        3,
        0,
        null,
        3,
        null,
        null,
        null,
        1,
        0,
        0,
        null,
        null,
        null,
        1,
        null,
        0,
        0,
        0,
        null,
        null
      ],
      "/home/keith/Development/localorbit/lib/orders/delivery_status_logic.rb": [
        1,
        1,
        1,
        1,
        null,
        null,
        null,
        null,
        null,
        null,
        null,
        1,
        3,
        null,
        3,
        3,
        null,
        null,
        0,
        0,
        0,
        null,
        null,
        0,
        0,
        0,
        null,
        null,
        0,
        null,
        null,
        1,
        0,
        null,
        null,
        1,
        0,
        null,
        null,
        null,
        null
      ],
      "/home/keith/Development/localorbit/app/controllers/products_controller.rb": [
        1,
        1,
        1,
        1,
        1,
        1,
        1,
        1,
        1,
        1,
        1,
        null,
        1,
        0,
        0,
        null,
        null,
        null,
        null,
        1,
        0,
        null,
        0,
        0,
        0,
        null,
        0,
        0,
        null,
        null,
        1,
        0,
        0,
        0,
        0,
        null,
        null,
        null,
        null,
        null,
        null,
        null,
        null,
        null,
        null,
        0,
        null,
        0,
        null,
        null,
        null,
        1,
        0,
        0,
        0,
        null,
        null,
        null,
        null,
        null,
        null,
        null,
        1,
        null,
        1,
        0,
        0,
        null,
        null,
        null,
        null,
        null,
        null,
        null,
        0,
        null,
        null,
        1,
        0,
        null,
        null,
        1,
        0,
        null,
        null
      ],
      "/home/keith/Development/localorbit/app/controllers/admin/locations_controller.rb": [
        1,
        1,
        1,
        null,
        1,
        0,
        null,
        null,
        1,
        1,
        null,
        null,
        1,
        0,
        null,
        0,
        0,
        null,
        0,
        0,
        null,
        null,
        null,
        1,
        0,
        null,
        null,
        1,
        0,
        null,
        0,
        0,
        null,
        0,
        0,
        null,
        null,
        null,
        1,
        0,
        0,
        0,
        null,
        0,
        null,
        null,
        1,
        0,
        0,
        null,
        null,
        1,
        null,
        1,
        1,
        null,
        null,
        1,
        0,
        null,
        null,
        1,
        0,
        null,
        null,
        null
      ],
      "/home/keith/Development/localorbit/app/controllers/admin/orders_controller.rb": [
        1,
        1,
        null,
        1,
        null,
        1,
        0,
        0,
        null,
        null,
        null,
        0,
        0,
        null,
        0,
        null,
        0,
        0,
        0,
        null,
        0,
        0,
        0,
        0,
        null,
        null,
        null,
        null,
        null,
        1,
        0,
        0,
        null,
        0,
        0,
        0,
        0,
        null,
        0,
        0,
        0,
        null,
        0,
        null,
        0,
        null,
        null,
        1,
        1,
        0,
        0,
        null,
        0,
        null,
        0,
        0,
        null,
        null,
        1,
        0,
        0,
        null,
        0,
        0,
        null,
        0,
        0,
        null,
        0,
        0,
        null,
        0,
        0,
        null,
        0,
        0,
        null,
        null,
        null,
        0,
        null,
        null,
        1,
        null,
        1,
        0,
        0,
        null,
        null,
        1,
        0,
        0,
        0,
        0,
        null,
        null,
        null,
        null,
        1,
        0,
        0,
        null,
        null,
        1,
        0,
        0,
        null,
        null,
        1,
        0,
        null,
        0,
        0,
        0,
        null,
        0,
        null,
        null,
        null,
        1,
        0,
        0,
        null,
        null,
        1,
        0,
        0,
        0,
        0,
        0,
        null,
        0,
        null,
        0,
        null,
        null,
        null,
        0,
        null,
        null,
        null,
        null,
        null,
        1,
        0,
        0,
        null,
        0,
        null,
        null,
        1,
        0,
        0,
        0,
        0,
        0,
        null,
        0,
        0,
        null,
        0,
        null,
        0,
        0,
        0,
        0,
        null,
        null,
        null,
        1,
        0,
        0,
        0,
        0,
        0,
        0,
        null,
        0,
        null,
        null,
        1,
        0,
        0,
        0,
        null,
        null
      ],
      "/home/keith/Development/localorbit/app/presenters/seller_order.rb": [
        1,
        1,
        1,
        1,
        null,
        1,
        null,
        null,
        null,
        null,
        null,
        null,
        null,
        null,
        null,
        1,
        null,
        1,
        0,
        0,
        0,
        0,
        0,
        0,
        null,
        null,
        null,
        1,
        0,
        0,
        null,
        null,
        1,
        0,
        0,
        0,
        null,
        0,
        null,
        0,
        null,
        null,
        null,
        0,
        null,
        0,
        null,
        null,
        null,
        1,
        0,
        0,
        null,
        0,
        null,
        null,
        null,
        1,
        0,
        0,
        null,
        0,
        null,
        null,
        null,
        1,
        null,
        null,
        1,
        0,
        null,
        null,
        1,
        0,
        null,
        null,
        1,
        null,
        1,
        0,
        null,
        null
      ],
      "/home/keith/Development/localorbit/app/presenters/order_presenter.rb": [
        1,
        1,
        null,
        1,
        1,
        1,
        1,
        null,
        null,
        null,
        null,
        null,
        null,
        null,
        null,
        1,
        0,
        0,
        null,
        null,
        null,
        null,
        null,
        null,
        null,
        null,
        null,
        null,
        null,
        null,
        null,
        null,
        null,
        null,
        null,
        null,
        null,
        null,
        null,
        null,
        1,
        0,
        null,
        null,
        1,
        0,
        null,
        null,
        1,
        0,
        null,
        null,
        1,
        null,
        null,
        1,
        0,
        null,
        null,
        1,
        null,
        0,
        0,
        null,
        0,
        0,
        null,
        null,
        0,
        null,
        null
      ],
      "/home/keith/Development/localorbit/app/presenters/totals_presenter.rb": [
        1,
        1,
        0,
        null,
        null,
        1,
        0,
        null,
        null,
        1,
        0,
        null,
        null,
        1,
        0,
        null,
        null,
        1,
        0,
        null,
        null,
        1,
        0,
        null,
        null,
        1,
        0,
        null,
        null,
        1,
        0,
        null,
        null,
        1,
        0,
        null,
        null,
        1,
        0,
        null,
        null,
        1,
        0,
        0,
        0,
        0,
        0,
        0,
        0,
        0,
        0,
        0,
        null,
        null,
        0,
        0,
        null,
        null,
        0,
        0,
        0,
        0,
        0,
        0,
        0,
        null,
        null
      ],
      "/home/keith/Development/localorbit/lib/packing_labels/generator.rb": [
        1,
        1,
        1,
        1,
        0,
        null,
        null,
        null,
        null,
        null,
        0,
        null,
        null,
        null,
        null,
        null,
        0,
        null,
        null,
        null,
        null,
        null,
        null,
        0,
        0,
        null,
        0,
        null,
        null,
        0,
        0,
        null,
        null,
        null,
        null,
        null,
        null,
        null,
        null,
        null,
        null,
        0,
        0,
        0,
        0,
        0,
        0,
        0,
        null,
        0,
        0,
        null,
        0,
        null,
        0,
        0,
        0,
        0,
        null,
        null,
        0,
        null,
        null,
        null,
        null,
        null
      ]
    },
    "timestamp": 1459100850
  }
}
